======================================
Amazon Dataset Downloader
======================================
Dataset: Instruments
Output: ./amazon18_data
======================================


============================================================
Downloading Amazon Instruments (Musical_Instruments) dataset
============================================================


[Metadata]
URL: https://mcauleylab.ucsd.edu/public_datasets/data/amazon_v2/metaFiles2/meta_Musical_Instruments.json.gz
Saving to: ./amazon18_data/Metadata/meta_Musical_Instruments.json.gz
✓ File already exists and is valid, skipping download

[Ratings (CSV)]
URL: https://mcauleylab.ucsd.edu/public_datasets/data/amazon_v2/categoryFilesSmall/Musical_Instruments.csv
Saving to: ./amazon18_data/Ratings/Musical_Instruments.csv
✓ File already exists, skipping download

[5-core Reviews]
URL: https://mcauleylab.ucsd.edu/public_datasets/data/amazon_v2/categoryFilesSmall/Musical_Instruments_5.json.gz
Saving to: ./amazon18_data/Review/Musical_Instruments_5.json.gz
✓ File already exists and is valid, skipping download

============================================================
✓ All files downloaded successfully for Instruments!

Downloaded files:
  - Metadata: ./amazon18_data/Metadata/meta_Musical_Instruments.json.gz
  - Ratings:  ./amazon18_data/Ratings/Musical_Instruments.csv
  - Reviews:  ./amazon18_data/Review/Musical_Instruments_5.json.gz
============================================================


============================================================
Download Summary: 1/1 datasets completed
============================================================


✓ Download completed successfully!

Next steps:
  1. Download images:     bash 1_load_figure.sh
  2. Process data:        bash 2_process.sh
  3. Extract text emb:    bash 3_get_text_emb.sh
  4. Extract image emb:   bash 4_get_image_emb.sh

Process data: 
 Dataset:  Instruments
